# JRE version: OpenJDK Runtime Environment (11.0.11+9) (build 11.0.11+9-b60-7590822)
# Java VM: OpenJDK 64-Bit Server VM (11.0.11+9-b60-7590822, mixed mode, tiered, compressed oops, g1 gc, windows-amd64)
Heap:
 garbage-first heap   total 189440K, used 141768K [0x0000000080000000, 0x0000000100000000)
  region size 1024K, 11 young (11264K), 1 survivors (1024K)
 Metaspace       used 115984K, capacity 119309K, committed 119552K, reserved 1153024K
  class space    used 14703K, capacity 15939K, committed 15948K, reserved 1048576K
GC Heap History (20 events):
Event: 702.086 GC heap before
{Heap before GC invocations=70 (full 0):
 garbage-first heap   total 189440K, used 150006K [0x0000000080000000, 0x0000000100000000)
  region size 1024K, 5 young (5120K), 2 survivors (2048K)
 Metaspace       used 107582K, capacity 110751K, committed 110976K, reserved 1144832K
  class space    used 13728K, capacity 14922K, committed 15052K, reserved 1048576K
}
Event: 702.090 GC heap after
{Heap after GC invocations=71 (full 0):
 garbage-first heap   total 189440K, used 150979K [0x0000000080000000, 0x0000000100000000)
  region size 1024K, 2 young (2048K), 2 survivors (2048K)
 Metaspace       used 107582K, capacity 110751K, committed 110976K, reserved 1144832K
  class space    used 13728K, capacity 14922K, committed 15052K, reserved 1048576K
}
Event: 702.407 GC heap before
{Heap before GC invocations=72 (full 0):
 garbage-first heap   total 189440K, used 172483K [0x0000000080000000, 0x0000000100000000)
  region size 1024K, 9 young (9216K), 2 survivors (2048K)
 Metaspace       used 108246K, capacity 111478K, committed 111744K, reserved 1146880K
  class space    used 13808K, capacity 15009K, committed 15052K, reserved 1048576K
}
Event: 702.410 GC heap after
{Heap after GC invocations=73 (full 0):
 garbage-first heap   total 189440K, used 150898K [0x0000000080000000, 0x0000000100000000)
  region size 1024K, 1 young (1024K), 1 survivors (1024K)
 Metaspace       used 108246K, capacity 111478K, committed 111744K, reserved 1146880K
  class space    used 13808K, capacity 15009K, committed 15052K, reserved 1048576K
}
Event: 702.700 GC heap before
{Heap before GC invocations=73 (full 0):
 garbage-first heap   total 189440K, used 158066K [0x0000000080000000, 0x0000000100000000)
  region size 1024K, 9 young (9216K), 1 survivors (1024K)
 Metaspace       used 109305K, capacity 112557K, committed 112640K, reserved 1146880K
  class space    used 13921K, capacity 15113K, committed 15180K, reserved 1048576K
}
Event: 702.707 GC heap after
{Heap after GC invocations=74 (full 0):
 garbage-first heap   total 189440K, used 148338K [0x0000000080000000, 0x0000000100000000)
  region size 1024K, 1 young (1024K), 1 survivors (1024K)
 Metaspace       used 109305K, capacity 112557K, committed 112640K, reserved 1146880K
  class space    used 13921K, capacity 15113K, committed 15180K, reserved 1048576K
}
Event: 702.930 GC heap before
{Heap before GC invocations=74 (full 0):
 garbage-first heap   total 189440K, used 156530K [0x0000000080000000, 0x0000000100000000)
  region size 1024K, 10 young (10240K), 1 survivors (1024K)
 Metaspace       used 110669K, capacity 113873K, committed 114048K, reserved 1148928K
  class space    used 14056K, capacity 15248K, committed 15308K, reserved 1048576K
}
Event: 702.933 GC heap after
{Heap after GC invocations=75 (full 0):
 garbage-first heap   total 189440K, used 148877K [0x0000000080000000, 0x0000000100000000)
  region size 1024K, 2 young (2048K), 2 survivors (2048K)
 Metaspace       used 110669K, capacity 113873K, committed 114048K, reserved 1148928K
  class space    used 14056K, capacity 15248K, committed 15308K, reserved 1048576K
}
Event: 703.436 GC heap before
{Heap before GC invocations=76 (full 0):
 garbage-first heap   total 189440K, used 157748K [0x0000000080000000, 0x0000000100000000)
  region size 1024K, 12 young (12288K), 2 survivors (2048K)
 Metaspace       used 111532K, capacity 114764K, committed 114944K, reserved 1148928K
  class space    used 14154K, capacity 15351K, committed 15436K, reserved 1048576K
}
Event: 703.439 GC heap after
{Heap after GC invocations=77 (full 0):
 garbage-first heap   total 189440K, used 149044K [0x0000000080000000, 0x0000000100000000)
  region size 1024K, 2 young (2048K), 2 survivors (2048K)
 Metaspace       used 111532K, capacity 114764K, committed 114944K, reserved 1148928K
  class space    used 14154K, capacity 15351K, committed 15436K, reserved 1048576K
}
Event: 703.885 GC heap before
{Heap before GC invocations=77 (full 0):
 garbage-first heap   total 189440K, used 155188K [0x0000000080000000, 0x0000000100000000)
  region size 1024K, 9 young (9216K), 2 survivors (2048K)
 Metaspace       used 111923K, capacity 115170K, committed 115456K, reserved 1148928K
  class space    used 14193K, capacity 15358K, committed 15436K, reserved 1048576K
}
Event: 703.891 GC heap after
{Heap after GC invocations=78 (full 0):
 garbage-first heap   total 189440K, used 137391K [0x0000000080000000, 0x0000000100000000)
  region size 1024K, 1 young (1024K), 1 survivors (1024K)
 Metaspace       used 111923K, capacity 115170K, committed 115456K, reserved 1148928K
  class space    used 14193K, capacity 15358K, committed 15436K, reserved 1048576K
}
Event: 704.330 GC heap before
{Heap before GC invocations=78 (full 0):
 garbage-first heap   total 189440K, used 154799K [0x0000000080000000, 0x0000000100000000)
  region size 1024K, 18 young (18432K), 1 survivors (1024K)
 Metaspace       used 112988K, capacity 116305K, committed 116480K, reserved 1150976K
  class space    used 14344K, capacity 15586K, committed 15692K, reserved 1048576K
}
Event: 704.333 GC heap after
{Heap after GC invocations=79 (full 0):
 garbage-first heap   total 189440K, used 137247K [0x0000000080000000, 0x0000000100000000)
  region size 1024K, 1 young (1024K), 1 survivors (1024K)
 Metaspace       used 112988K, capacity 116305K, committed 116480K, reserved 1150976K
  class space    used 14344K, capacity 15586K, committed 15692K, reserved 1048576K
}
Event: 704.445 GC heap before
{Heap before GC invocations=79 (full 0):
 garbage-first heap   total 189440K, used 154655K [0x0000000080000000, 0x0000000100000000)
  region size 1024K, 19 young (19456K), 1 survivors (1024K)
 Metaspace       used 114408K, capacity 117708K, committed 117888K, reserved 1150976K
  class space    used 14529K, capacity 15776K, committed 15820K, reserved 1048576K
}
Event: 704.447 GC heap after
{Heap after GC invocations=80 (full 0):
 garbage-first heap   total 189440K, used 136396K [0x0000000080000000, 0x0000000100000000)
  region size 1024K, 1 young (1024K), 1 survivors (1024K)
 Metaspace       used 114408K, capacity 117708K, committed 117888K, reserved 1150976K
  class space    used 14529K, capacity 15776K, committed 15820K, reserved 1048576K
}
Event: 704.741 GC heap before
{Heap before GC invocations=81 (full 0):
 garbage-first heap   total 189440K, used 156876K [0x0000000080000000, 0x0000000100000000)
  region size 1024K, 21 young (21504K), 1 survivors (1024K)
 Metaspace       used 115187K, capacity 118467K, committed 118784K, reserved 1153024K
  class space    used 14608K, capacity 15833K, committed 15948K, reserved 1048576K
}
Event: 704.746 GC heap after
{Heap after GC invocations=82 (full 0):
 garbage-first heap   total 189440K, used 138858K [0x0000000080000000, 0x0000000100000000)
  region size 1024K, 3 young (3072K), 3 survivors (3072K)
 Metaspace       used 115187K, capacity 118467K, committed 118784K, reserved 1153024K
  class space    used 14608K, capacity 15833K, committed 15948K, reserved 1048576K
}
Event: 704.832 GC heap before
{Heap before GC invocations=82 (full 0):
 garbage-first heap   total 189440K, used 145002K [0x0000000080000000, 0x0000000100000000)
  region size 1024K, 9 young (9216K), 3 survivors (3072K)
 Metaspace       used 115336K, capacity 118633K, committed 118784K, reserved 1153024K
  class space    used 14620K, capacity 15840K, committed 15948K, reserved 1048576K
}
Event: 704.836 GC heap after
{Heap after GC invocations=83 (full 0):
 garbage-first heap   total 189440K, used 133576K [0x0000000080000000, 0x0000000100000000)
  region size 1024K, 1 young (1024K), 1 survivors (1024K)
 Metaspace       used 115336K, capacity 118633K, committed 118784K, reserved 1153024K
  class space    used 14620K, capacity 15840K, committed 15948K, reserved 1048576K
}

