# JRE version: OpenJDK Runtime Environment (11.0.11+9) (build 11.0.11+9-b60-7590822)
# Java VM: OpenJDK 64-Bit Server VM (11.0.11+9-b60-7590822, mixed mode, tiered, compressed oops, g1 gc, windows-amd64)
Heap:
 garbage-first heap   total 369664K, used 103739K [0x0000000080000000, 0x0000000100000000)
  region size 1024K, 2 young (2048K), 2 survivors (2048K)
 Metaspace       used 103755K, capacity 106426K, committed 106700K, reserved 1142784K
  class space    used 13052K, capacity 14036K, committed 14080K, reserved 1048576K
GC Heap History (20 events):
Event: 493.521 GC heap after
{Heap after GC invocations=60 (full 0):
 garbage-first heap   total 131072K, used 100857K [0x0000000080000000, 0x0000000100000000)
  region size 1024K, 1 young (1024K), 1 survivors (1024K)
 Metaspace       used 103030K, capacity 105622K, committed 105932K, reserved 1140736K
  class space    used 13006K, capacity 13967K, committed 14080K, reserved 1048576K
}
Event: 493.578 GC heap before
{Heap before GC invocations=60 (full 0):
 garbage-first heap   total 131072K, used 105977K [0x0000000080000000, 0x0000000100000000)
  region size 1024K, 8 young (8192K), 1 survivors (1024K)
 Metaspace       used 103033K, capacity 105622K, committed 105932K, reserved 1140736K
  class space    used 13006K, capacity 13967K, committed 14080K, reserved 1048576K
}
Event: 493.580 GC heap after
{Heap after GC invocations=61 (full 0):
 garbage-first heap   total 131072K, used 99927K [0x0000000080000000, 0x0000000100000000)
  region size 1024K, 1 young (1024K), 1 survivors (1024K)
 Metaspace       used 103033K, capacity 105622K, committed 105932K, reserved 1140736K
  class space    used 13006K, capacity 13967K, committed 14080K, reserved 1048576K
}
Event: 493.630 GC heap before
{Heap before GC invocations=62 (full 0):
 garbage-first heap   total 131072K, used 108119K [0x0000000080000000, 0x0000000100000000)
  region size 1024K, 9 young (9216K), 1 survivors (1024K)
 Metaspace       used 103054K, capacity 105626K, committed 105932K, reserved 1140736K
  class space    used 13008K, capacity 13968K, committed 14080K, reserved 1048576K
}
Event: 493.632 GC heap after
{Heap after GC invocations=63 (full 0):
 garbage-first heap   total 131072K, used 100552K [0x0000000080000000, 0x0000000100000000)
  region size 1024K, 2 young (2048K), 2 survivors (2048K)
 Metaspace       used 103054K, capacity 105626K, committed 105932K, reserved 1140736K
  class space    used 13008K, capacity 13968K, committed 14080K, reserved 1048576K
}
Event: 493.643 GC heap before
{Heap before GC invocations=63 (full 0):
 garbage-first heap   total 131072K, used 104648K [0x0000000080000000, 0x0000000100000000)
  region size 1024K, 6 young (6144K), 2 survivors (2048K)
 Metaspace       used 103054K, capacity 105626K, committed 105932K, reserved 1140736K
  class space    used 13008K, capacity 13968K, committed 14080K, reserved 1048576K
}
Event: 493.647 GC heap after
{Heap after GC invocations=64 (full 0):
 garbage-first heap   total 131072K, used 99287K [0x0000000080000000, 0x0000000100000000)
  region size 1024K, 1 young (1024K), 1 survivors (1024K)
 Metaspace       used 103054K, capacity 105626K, committed 105932K, reserved 1140736K
  class space    used 13008K, capacity 13968K, committed 14080K, reserved 1048576K
}
Event: 493.677 GC heap before
{Heap before GC invocations=64 (full 0):
 garbage-first heap   total 131072K, used 107479K [0x0000000080000000, 0x0000000100000000)
  region size 1024K, 9 young (9216K), 1 survivors (1024K)
 Metaspace       used 103061K, capacity 105626K, committed 105932K, reserved 1140736K
  class space    used 13008K, capacity 13968K, committed 14080K, reserved 1048576K
}
Event: 493.681 GC heap after
{Heap after GC invocations=65 (full 0):
 garbage-first heap   total 131072K, used 101610K [0x0000000080000000, 0x0000000100000000)
  region size 1024K, 2 young (2048K), 2 survivors (2048K)
 Metaspace       used 103061K, capacity 105626K, committed 105932K, reserved 1140736K
  class space    used 13008K, capacity 13968K, committed 14080K, reserved 1048576K
}
Event: 493.779 GC heap before
{Heap before GC invocations=65 (full 0):
 garbage-first heap   total 131072K, used 124138K [0x0000000080000000, 0x0000000100000000)
  region size 1024K, 10 young (10240K), 2 survivors (2048K)
 Metaspace       used 103062K, capacity 105690K, committed 105932K, reserved 1140736K
  class space    used 13008K, capacity 13968K, committed 14080K, reserved 1048576K
}
Event: 493.787 GC heap after
{Heap after GC invocations=66 (full 0):
 garbage-first heap   total 133120K, used 106712K [0x0000000080000000, 0x0000000100000000)
  region size 1024K, 2 young (2048K), 2 survivors (2048K)
 Metaspace       used 103062K, capacity 105690K, committed 105932K, reserved 1140736K
  class space    used 13008K, capacity 13968K, committed 14080K, reserved 1048576K
}
Event: 493.924 GC heap before
{Heap before GC invocations=67 (full 0):
 garbage-first heap   total 133120K, used 112856K [0x0000000080000000, 0x0000000100000000)
  region size 1024K, 8 young (8192K), 2 survivors (2048K)
 Metaspace       used 103121K, capacity 105717K, committed 105932K, reserved 1140736K
  class space    used 13012K, capacity 13975K, committed 14080K, reserved 1048576K
}
Event: 493.931 GC heap after
{Heap after GC invocations=68 (full 0):
 garbage-first heap   total 209920K, used 107534K [0x0000000080000000, 0x0000000100000000)
  region size 1024K, 1 young (1024K), 1 survivors (1024K)
 Metaspace       used 103121K, capacity 105717K, committed 105932K, reserved 1140736K
  class space    used 13012K, capacity 13975K, committed 14080K, reserved 1048576K
}
Event: 494.050 GC heap before
{Heap before GC invocations=68 (full 0):
 garbage-first heap   total 209920K, used 115726K [0x0000000080000000, 0x0000000100000000)
  region size 1024K, 10 young (10240K), 1 survivors (1024K)
 Metaspace       used 103216K, capacity 105880K, committed 106188K, reserved 1140736K
  class space    used 13017K, capacity 13984K, committed 14080K, reserved 1048576K
}
Event: 494.056 GC heap after
{Heap after GC invocations=69 (full 0):
 garbage-first heap   total 209920K, used 108028K [0x0000000080000000, 0x0000000100000000)
  region size 1024K, 2 young (2048K), 2 survivors (2048K)
 Metaspace       used 103216K, capacity 105880K, committed 106188K, reserved 1140736K
  class space    used 13017K, capacity 13984K, committed 14080K, reserved 1048576K
}
Event: 494.928 GC heap before
{Heap before GC invocations=69 (full 0):
 garbage-first heap   total 209920K, used 138748K [0x0000000080000000, 0x0000000100000000)
  region size 1024K, 32 young (32768K), 2 survivors (2048K)
 Metaspace       used 103278K, capacity 105917K, committed 106188K, reserved 1140736K
  class space    used 13024K, capacity 13996K, committed 14080K, reserved 1048576K
}
Event: 494.938 GC heap after
{Heap after GC invocations=70 (full 0):
 garbage-first heap   total 209920K, used 112562K [0x0000000080000000, 0x0000000100000000)
  region size 1024K, 4 young (4096K), 4 survivors (4096K)
 Metaspace       used 103278K, capacity 105917K, committed 106188K, reserved 1140736K
  class space    used 13024K, capacity 13996K, committed 14080K, reserved 1048576K
}
Event: 495.247 GC heap before
{Heap before GC invocations=71 (full 0):
 garbage-first heap   total 209920K, used 136114K [0x0000000080000000, 0x0000000100000000)
  region size 1024K, 36 young (36864K), 4 survivors (4096K)
 Metaspace       used 103460K, capacity 106071K, committed 106188K, reserved 1140736K
  class space    used 13036K, capacity 14004K, committed 14080K, reserved 1048576K
}
Event: 495.257 GC heap after
{Heap after GC invocations=72 (full 0):
 garbage-first heap   total 209920K, used 111211K [0x0000000080000000, 0x0000000100000000)
  region size 1024K, 5 young (5120K), 5 survivors (5120K)
 Metaspace       used 103460K, capacity 106071K, committed 106188K, reserved 1140736K
  class space    used 13036K, capacity 14004K, committed 14080K, reserved 1048576K
}
Event: 495.364 GC heap before
{Heap before GC invocations=72 (full 0):
 garbage-first heap   total 209920K, used 115307K [0x0000000080000000, 0x0000000100000000)
  region size 1024K, 10 young (10240K), 5 survivors (5120K)
 Metaspace       used 103755K, capacity 106426K, committed 106700K, reserved 1142784K
  class space    used 13052K, capacity 14036K, committed 14080K, reserved 1048576K
}

